<?xml version="1.0" encoding="UTF-8"?>
<testsuites name="Mocha Tests" time="0.33499999999999996" tests="2" failures="0">
  <testsuite name="Root Suite" timestamp="2018-10-05T21:19:06" tests="0" failures="0" time="0">
  </testsuite>
  <testsuite name="Jobs Unit Tests" timestamp="2018-10-05T21:19:07" tests="2" file="/Users/plasne/Documents/azure-upgrade-portal/dist/jobs/test.js" failures="0" time="0.33499999999999996">
    <testcase name="Jobs Unit Tests should delete the jobs container" time="0.213" classname="should delete the jobs container">
    </testcase>
    <testcase name="Jobs Unit Tests should be able to create a job without tasks" time="0.122" classname="should be able to create a job without tasks">
    </testcase>
  </testsuite>
</testsuites>